[2023/12/25 17:02:39.121] - Starting server with initial configuration: {"gasLimit":6721975,"gasPrice":20000000000,"hardfork":"merge","hostname":"127.0.0.1","port":7545,"network_id":5777,"default_balance_ether":1000,"total_accounts":4,"unlocked_accounts":[],"locked":false,"vmErrorsOnRPCResponse":true,"verbose":false,"flavor":"ethereum","db_path":"/home/npthuan/.config/Ganache/ui/workspaces/whispering-rainstorm/chaindata","mnemonic":"slide asthma wise ecology carbon bulk ankle much vendor ceiling leave purse","logDirectory":"/home/npthuan/Dev/THDTVoting/logs"}
[2023/12/25 17:02:39.210] - eth_subscribe
[2023/12/25 17:02:39.213] - eth_getLogs
[2023/12/25 17:02:39.215] - eth_subscribe
[2023/12/25 17:02:39.231] - eth_subscribe
[2023/12/25 17:02:39.232] - eth_getLogs
[2023/12/25 17:02:39.233] - eth_subscribe
[2023/12/25 17:02:39.249] - eth_blockNumber
[2023/12/25 17:02:39.250] - eth_accounts
[2023/12/25 17:02:39.252] - eth_gasPrice
[2023/12/25 17:02:39.252] - eth_getBlockByNumber
[2023/12/25 17:02:39.252] - eth_subscribe
[2023/12/25 17:02:39.258] - eth_accounts
[2023/12/25 17:02:39.269] - eth_getBalance
[2023/12/25 17:02:39.271] - eth_getTransactionCount
[2023/12/25 17:02:39.273] - eth_getBalance
[2023/12/25 17:02:39.275] - eth_getTransactionCount
[2023/12/25 17:02:39.277] - eth_getBalance
[2023/12/25 17:02:39.279] - eth_getTransactionCount
[2023/12/25 17:02:39.281] - eth_getBalance
[2023/12/25 17:02:39.283] - eth_getTransactionCount
[2023/12/25 17:02:39.306] - eth_getTransactionCount
[2023/12/25 17:02:39.307] - eth_getBalance
[2023/12/25 17:02:39.309] - eth_getTransactionCount
[2023/12/25 17:02:39.312] - eth_getBalance
[2023/12/25 17:02:39.314] - eth_getTransactionCount
[2023/12/25 17:02:39.316] - eth_getBalance
[2023/12/25 17:02:39.318] - eth_getTransactionCount
[2023/12/25 17:02:39.322] - eth_blockNumber
[2023/12/25 17:02:39.323] - eth_accounts
[2023/12/25 17:02:39.323] - eth_gasPrice
[2023/12/25 17:02:39.325] - eth_getBlockByNumber
[2023/12/25 17:02:39.327] - eth_subscribe
[2023/12/25 17:02:39.392] - eth_getBalance
[2023/12/25 17:02:39.393] - eth_getTransactionCount
[2023/12/25 17:02:39.396] - eth_getBalance
[2023/12/25 17:02:39.397] - eth_getTransactionCount
[2023/12/25 17:02:39.399] - eth_getBalance
[2023/12/25 17:02:39.403] - eth_getTransactionCount
[2023/12/25 17:02:39.403] - eth_getBalance
[2023/12/25 17:02:39.405] - eth_getTransactionCount
[2023/12/25 17:02:39.406] - eth_getBalance
[2023/12/25 17:02:39.407] - eth_getTransactionCount
[2023/12/25 17:02:39.408] - eth_getBalance
[2023/12/25 17:02:39.410] - eth_getTransactionCount
[2023/12/25 17:02:39.411] - eth_getBalance
[2023/12/25 17:02:39.413] - eth_getTransactionCount
[2023/12/25 17:02:39.415] - eth_getBalance
[2023/12/25 17:02:39.417] - eth_getTransactionCount
[2023/12/25 17:04:09.716] - eth_chainId
[2023/12/25 17:04:10.025] - eth_chainId
[2023/12/25 17:04:10.299] - eth_chainId
[2023/12/25 17:04:25.571] - eth_chainId
[2023/12/25 17:04:25.693] - eth_chainId
[2023/12/25 17:04:25.877] - eth_chainId
[2023/12/25 17:04:25.879] - eth_chainId
[2023/12/25 17:04:27.349] - eth_chainId
[2023/12/25 17:04:27.468] - eth_chainId
[2023/12/25 17:04:34.422] - eth_chainId
[2023/12/25 17:04:34.618] - eth_chainId
[2023/12/25 17:04:34.731] - eth_chainId
[2023/12/25 17:04:34.979] - eth_chainId
[2023/12/25 17:04:45.907] - eth_chainId
[2023/12/25 17:04:46.406] - eth_chainId
[2023/12/25 17:04:46.435] - eth_chainId
[2023/12/25 17:04:46.882] - eth_chainId
[2023/12/25 17:05:13.212] - eth_chainId
[2023/12/25 17:05:13.432] - eth_chainId
[2023/12/25 17:05:13.638] - eth_chainId
[2023/12/25 17:05:16.052] - eth_blockNumber
[2023/12/25 17:05:16.055] - net_version
[2023/12/25 17:05:16.068] - eth_getBalance
[2023/12/25 17:05:16.073] - eth_getBlockByNumber
[2023/12/25 17:05:16.200] - eth_blockNumber
[2023/12/25 17:05:18.470] - net_version
[2023/12/25 17:05:42.443] - eth_blockNumber
[2023/12/25 17:05:47.003] - eth_blockNumber
[2023/12/25 17:05:53.643] - net_version
[2023/12/25 17:05:57.620] - eth_blockNumber
[2023/12/25 17:06:02.701] - eth_blockNumber
[2023/12/25 17:06:07.012] - eth_blockNumber
[2023/12/25 17:06:17.630] - eth_blockNumber
[2023/12/25 17:06:20.109] - eth_getBalance
[2023/12/25 17:06:22.712] - eth_blockNumber
[2023/12/25 17:06:27.018] - eth_blockNumber
[2023/12/25 17:06:37.643] - eth_blockNumber
[2023/12/25 17:06:40.845] - eth_blockNumber
[2023/12/25 17:06:42.722] - eth_blockNumber
[2023/12/25 17:06:47.032] - eth_blockNumber
[2023/12/25 17:06:57.712] - eth_blockNumber
[2023/12/25 17:07:00.863] - eth_blockNumber
[2023/12/25 17:07:02.731] - eth_blockNumber
[2023/12/25 17:07:07.045] - eth_blockNumber
[2023/12/25 17:07:11.926] - eth_getBalance
[2023/12/25 17:07:17.721] - eth_blockNumber
[2023/12/25 17:07:20.871] - eth_blockNumber
[2023/12/25 17:07:22.737] - eth_blockNumber
[2023/12/25 17:07:27.051] - eth_blockNumber
[2023/12/25 17:07:28.495] - eth_getBalance
[2023/12/25 17:07:37.730] - eth_blockNumber
[2023/12/25 17:07:40.889] - eth_blockNumber
[2023/12/25 17:07:42.747] - eth_blockNumber
[2023/12/25 17:07:47.107] - eth_blockNumber
[2023/12/25 17:07:57.739] - eth_blockNumber
[2023/12/25 17:08:00.897] - eth_blockNumber
[2023/12/25 17:08:02.756] - eth_blockNumber
[2023/12/25 17:08:07.117] - eth_blockNumber
[2023/12/25 17:08:13.028] - eth_getBalance
[2023/12/25 17:08:17.748] - eth_blockNumber
[2023/12/25 17:08:21.032] - eth_blockNumber
[2023/12/25 17:08:22.768] - eth_blockNumber
[2023/12/25 17:08:27.125] - eth_blockNumber
[2023/12/25 17:08:29.067] - eth_getBalance
[2023/12/25 17:08:37.762] - eth_blockNumber
[2023/12/25 17:08:41.038] - eth_blockNumber
[2023/12/25 17:08:42.842] - eth_blockNumber
[2023/12/25 17:08:46.883] - eth_blockNumber
[2023/12/25 17:08:47.132] - eth_blockNumber
[2023/12/25 17:08:58.061] - eth_blockNumber
[2023/12/25 17:09:01.080] - eth_blockNumber
[2023/12/25 17:09:02.850] - eth_blockNumber
[2023/12/25 17:09:06.891] - eth_blockNumber
[2023/12/25 17:09:07.139] - eth_blockNumber
[2023/12/25 17:09:18.344] - eth_blockNumber
[2023/12/25 17:09:21.092] - eth_blockNumber
[2023/12/25 17:09:22.859] - eth_blockNumber
[2023/12/25 17:09:26.900] - eth_blockNumber
[2023/12/25 17:09:27.148] - eth_blockNumber
[2023/12/25 17:09:38.364] - eth_blockNumber
[2023/12/25 17:09:41.101] - eth_blockNumber
[2023/12/25 17:09:42.867] - eth_blockNumber
[2023/12/25 17:09:46.908] - eth_blockNumber
[2023/12/25 17:09:47.157] - eth_blockNumber
[2023/12/25 17:09:58.374] - eth_blockNumber
[2023/12/25 17:10:01.112] - eth_blockNumber
[2023/12/25 17:10:02.873] - eth_blockNumber
[2023/12/25 17:15:54.215] - eth_blockNumber
[2023/12/25 17:16:14.229] - eth_blockNumber
[2023/12/25 17:16:34.264] - eth_blockNumber
