[2023/12/25 18:11:29.733] - Starting server with initial configuration: {"gasLimit":6721975,"gasPrice":20000000000,"hardfork":"merge","hostname":"127.0.0.1","port":7545,"network_id":5777,"default_balance_ether":100,"total_accounts":4,"unlocked_accounts":[],"locked":false,"vmErrorsOnRPCResponse":true,"verbose":false,"flavor":"ethereum","db_path":"/home/npthuan/.config/Ganache/ui/workspaces/ambiguous-worm/chaindata","mnemonic":"off term opera judge expect veteran cause save pudding truly expose involve","logDirectory":"/home/npthuan/Dev/THDTVoting/logs"}
[2023/12/25 18:11:29.829] - eth_subscribe
[2023/12/25 18:11:29.830] - eth_getLogs
[2023/12/25 18:11:29.832] - eth_subscribe
[2023/12/25 18:11:29.850] - eth_subscribe
[2023/12/25 18:11:29.851] - eth_getLogs
[2023/12/25 18:11:29.852] - eth_subscribe
[2023/12/25 18:11:29.878] - eth_blockNumber
[2023/12/25 18:11:29.880] - eth_accounts
[2023/12/25 18:11:29.880] - eth_gasPrice
[2023/12/25 18:11:29.881] - eth_getBlockByNumber
[2023/12/25 18:11:29.882] - eth_subscribe
[2023/12/25 18:11:29.896] - eth_accounts
[2023/12/25 18:11:29.917] - eth_getBalance
[2023/12/25 18:11:29.921] - eth_getTransactionCount
[2023/12/25 18:11:29.923] - eth_getBalance
[2023/12/25 18:11:29.926] - eth_getTransactionCount
[2023/12/25 18:11:29.928] - eth_getBalance
[2023/12/25 18:11:29.931] - eth_getTransactionCount
[2023/12/25 18:11:29.933] - eth_getBalance
[2023/12/25 18:11:29.936] - eth_getTransactionCount
[2023/12/25 18:11:29.938] - eth_blockNumber
[2023/12/25 18:11:29.939] - eth_accounts
[2023/12/25 18:11:29.939] - eth_gasPrice
[2023/12/25 18:11:29.944] - eth_getBlockByNumber
[2023/12/25 18:11:29.944] - eth_subscribe
[2023/12/25 18:11:29.963] - eth_getTransactionCount
[2023/12/25 18:11:29.965] - eth_getBalance
[2023/12/25 18:11:29.967] - eth_getTransactionCount
[2023/12/25 18:11:29.969] - eth_getBalance
[2023/12/25 18:11:29.971] - eth_getTransactionCount
[2023/12/25 18:11:29.973] - eth_getBalance
[2023/12/25 18:11:29.976] - eth_getTransactionCount
[2023/12/25 18:11:30.043] - eth_getBalance
[2023/12/25 18:11:30.045] - eth_getTransactionCount
[2023/12/25 18:11:30.047] - eth_getBalance
[2023/12/25 18:11:30.049] - eth_getTransactionCount
[2023/12/25 18:11:30.051] - eth_getBalance
[2023/12/25 18:11:30.053] - eth_getTransactionCount
[2023/12/25 18:11:30.054] - eth_getBalance
[2023/12/25 18:11:30.056] - eth_getTransactionCount
[2023/12/25 18:11:30.058] - eth_getBalance
[2023/12/25 18:11:30.059] - eth_getTransactionCount
[2023/12/25 18:11:30.061] - eth_getBalance
[2023/12/25 18:11:30.063] - eth_getTransactionCount
[2023/12/25 18:11:30.064] - eth_getBalance
[2023/12/25 18:11:30.066] - eth_getTransactionCount
[2023/12/25 18:11:30.067] - eth_getBalance
[2023/12/25 18:11:30.069] - eth_getTransactionCount
