[2023/12/25 17:47:23.511] - Starting server with initial configuration: {"gasLimit":6721975,"gasPrice":20000000000,"hardfork":"merge","hostname":"127.0.0.1","port":7545,"network_id":5777,"default_balance_ether":1000,"total_accounts":4,"unlocked_accounts":[],"locked":false,"vmErrorsOnRPCResponse":true,"verbose":false,"flavor":"ethereum","db_path":"/home/npthuan/.config/Ganache/ui/workspaces/thdt-voting/chaindata","mnemonic":"slide asthma wise ecology carbon bulk ankle much vendor ceiling leave purse","logDirectory":"/home/npthuan/Dev/THDTVoting/logs"}
[2023/12/25 17:47:23.686] - eth_accounts
[2023/12/25 17:47:23.689] - eth_gasPrice
[2023/12/25 17:47:23.689] - eth_getBlockByNumber
[2023/12/25 17:47:23.690] - eth_subscribe
[2023/12/25 17:47:23.690] - eth_blockNumber
[2023/12/25 17:47:23.704] - eth_getBalance
[2023/12/25 17:47:23.708] - eth_getTransactionCount
[2023/12/25 17:47:23.712] - eth_getBalance
[2023/12/25 17:47:23.716] - eth_getTransactionCount
[2023/12/25 17:47:23.719] - eth_getBalance
[2023/12/25 17:47:23.722] - eth_getTransactionCount
[2023/12/25 17:47:23.724] - eth_getBalance
[2023/12/25 17:47:23.727] - eth_getTransactionCount
[2023/12/25 17:47:23.772] - eth_getBalance
[2023/12/25 17:47:23.775] - eth_getTransactionCount
[2023/12/25 17:47:23.777] - eth_getBalance
[2023/12/25 17:47:23.781] - eth_getTransactionCount
[2023/12/25 17:47:23.783] - eth_getBalance
[2023/12/25 17:47:23.786] - eth_getTransactionCount
[2023/12/25 17:47:23.788] - eth_getBalance
[2023/12/25 17:47:23.791] - eth_getTransactionCount
[2023/12/25 17:47:23.792] - eth_blockNumber
[2023/12/25 17:47:23.792] - eth_accounts
[2023/12/25 17:47:23.793] - eth_gasPrice
[2023/12/25 17:47:23.793] - eth_getBlockByNumber
[2023/12/25 17:47:23.794] - eth_subscribe
[2023/12/25 17:47:23.899] - eth_getBalance
[2023/12/25 17:47:23.902] - eth_getTransactionCount
[2023/12/25 17:47:23.904] - eth_getBalance
[2023/12/25 17:47:23.907] - eth_getTransactionCount
[2023/12/25 17:47:23.909] - eth_getBalance
[2023/12/25 17:47:23.912] - eth_getTransactionCount
[2023/12/25 17:47:23.914] - eth_getBalance
[2023/12/25 17:47:23.917] - eth_getTransactionCount
[2023/12/25 17:47:23.919] - eth_getBalance
[2023/12/25 17:47:23.922] - eth_getTransactionCount
[2023/12/25 17:47:23.924] - eth_getBalance
[2023/12/25 17:47:23.927] - eth_getTransactionCount
[2023/12/25 17:47:23.930] - eth_getBalance
[2023/12/25 17:47:23.932] - eth_getTransactionCount
[2023/12/25 17:47:23.935] - eth_getBalance
[2023/12/25 17:47:23.937] - eth_getTransactionCount
[2023/12/25 17:47:24.045] - eth_subscribe
[2023/12/25 17:47:24.047] - eth_getLogs
[2023/12/25 17:47:24.048] - eth_subscribe
[2023/12/25 17:47:24.050] - eth_subscribe
[2023/12/25 17:47:24.050] - eth_getLogs
[2023/12/25 17:47:24.051] - eth_subscribe
